2020-04-08 16:14:12,251 [FormStudio] INFO  UiInfo AILinkFactoryAuto.View.FormStudio FormStudio_Shown 89 - 
           _____ _      _       _    ______         _                                 _        _____ _             _ _       
     /\   |_   _| |    (_)     | |  |  ____|       | |                     /\        | |      / ____| |           | (_)      
    /  \    | | | |     _ _ __ | | _| |__ __ _  ___| |_ ___  _ __ _   _   /  \  _   _| |_ ___| (___ | |_ _   _  __| |_  ___  
   / /\ \   | | | |    | | '_ \| |/ /  __/ _` |/ __| __/ _ \| '__| | | | / /\ \| | | | __/ _ \\___ \| __| | | |/ _` | |/ _ \ 
  / ____ \ _| |_| |____| | | | |   <| | | (_| | (__| || (_) | |  | |_| |/ ____ \ |_| | || (_) |___) | |_| |_| | (_| | | (_) |
 /_/    \_\_____|______|_|_| |_|_|\_\_|  \__,_|\___|\__\___/|_|   \__, /_/    \_\__,_|\__\___/_____/ \__|\__,_|\__,_|_|\___/ 
                                                                   __/ |                                                     
                                                                  |___/                                                      

2020-04-08 16:14:12,330 [FormStudio] INFO  UiInfo AILinkFactoryAuto.View.FormStudio FormStudio_Shown 94 - AILinkFactoryAutoStudio Version 2.02
2020-04-08 16:14:12,339 [FormStudio] INFO  UiInfo AILinkFactoryAuto.View.FormStudio FormStudio_Shown 95 - Version 2.01
2020-04-08 16:14:12,377 [FormStudio] INFO  UiInfo AILinkFactoryAuto.View.FormStudio FormStudio_Shown 102 - FormLog................Success!
2020-04-08 16:14:12,743 [FormStudio] INFO  UiInfo AILinkFactoryAuto.View.FormStudio FormStudio_Shown 105 - FormMain................Success!
2020-04-08 16:14:12,757 [FormStudio] INFO  UiInfo AILinkFactoryAuto.View.FormMain FormMain_Shown 120 - AILinkFactoryAutoV0.01
2020-04-08 16:14:12,762 [FormStudio] INFO  UiDebug AILinkFactoryAuto.View.FormMain FormMain_Shown 121 - AILinkFactoryAutoV0.01
2020-04-08 16:14:12,788 [FormStudio] INFO  UiInfo AILinkFactoryAuto.View.FormMain FormMain_Shown 130 - 加载测试序列=[SmartBracelet.jts]
2020-04-08 16:14:13,280 [FormStudio] INFO  UiInfo AILinkFactoryAuto.View.FormMain LoadJts 161 - 加载测试序列成功
2020-04-08 16:14:53,270 [FormStudio] INFO  UiInfo AILinkFactoryAuto.View.FormMain LoadJts 161 - 加载测试序列成功
2020-04-08 16:15:22,378 [FormStudio] INFO  UiInfo AILinkFactoryAuto.View.FormMain LoadJts 161 - 加载测试序列成功
2020-04-08 16:16:09,551 [FormStudio] INFO  UiInfo AILinkFactoryAuto.View.FormMain LoadJts 161 - 加载测试序列成功
2020-04-08 16:18:09,699 [FormStudio] INFO  UiInfo AILinkFactoryAuto.View.FormStudio FormStudio_Shown 0 - 
           _____ _      _       _    ______         _                                 _        _____ _             _ _       
     /\   |_   _| |    (_)     | |  |  ____|       | |                     /\        | |      / ____| |           | (_)      
    /  \    | | | |     _ _ __ | | _| |__ __ _  ___| |_ ___  _ __ _   _   /  \  _   _| |_ ___| (___ | |_ _   _  __| |_  ___  
   / /\ \   | | | |    | | '_ \| |/ /  __/ _` |/ __| __/ _ \| '__| | | | / /\ \| | | | __/ _ \\___ \| __| | | |/ _` | |/ _ \ 
  / ____ \ _| |_| |____| | | | |   <| | | (_| | (__| || (_) | |  | |_| |/ ____ \ |_| | || (_) |___) | |_| |_| | (_| | | (_) |
 /_/    \_\_____|______|_|_| |_|_|\_\_|  \__,_|\___|\__\___/|_|   \__, /_/    \_\__,_|\__\___/_____/ \__|\__,_|\__,_|_|\___/ 
                                                                   __/ |                                                     
                                                                  |___/                                                      

2020-04-08 16:18:09,769 [FormStudio] INFO  UiInfo AILinkFactoryAuto.View.FormStudio FormStudio_Shown 0 - AILinkFactoryAutoStudio Version 2.02
2020-04-08 16:18:09,778 [FormStudio] INFO  UiInfo AILinkFactoryAuto.View.FormStudio FormStudio_Shown 0 - Version 2.01
2020-04-08 16:18:09,811 [FormStudio] INFO  UiInfo AILinkFactoryAuto.View.FormStudio FormStudio_Shown 0 - FormLog................Success!
2020-04-08 16:18:10,138 [FormStudio] INFO  UiInfo AILinkFactoryAuto.View.FormStudio FormStudio_Shown 0 - FormMain................Success!
2020-04-08 16:18:10,152 [FormStudio] INFO  UiInfo AILinkFactoryAuto.View.FormMain FormMain_Shown 0 - AILinkFactoryAutoV0.01
2020-04-08 16:18:10,156 [FormStudio] INFO  UiDebug AILinkFactoryAuto.View.FormMain FormMain_Shown 0 - AILinkFactoryAutoV0.01
2020-04-08 16:18:10,190 [FormStudio] INFO  UiInfo AILinkFactoryAuto.View.FormMain FormMain_Shown 0 - 加载测试序列=[SmartBracelet.jts]
2020-04-08 16:18:10,553 [FormStudio] INFO  UiInfo AILinkFactoryAuto.View.FormMain LoadJts 0 - 加载测试序列成功
2020-04-08 16:18:37,192 [FormStudio] INFO  UiInfo AILinkFactoryAuto.View.FormMain LoadJts 0 - 加载测试序列成功
